\BOOKMARK [1][-]{section.1}{\376\377\000C\000o\000n\000s\000t\000r\000u\000c\000c\000i\000\363\000n\000\040\000d\000e\000\040\000T\000r\000a\000n\000s\000f\000o\000r\000m\000a\000d\000o\000r\000e\000s}{}% 1
\BOOKMARK [2][-]{subsection.1.1}{\376\377\000T\000a\000b\000l\000a\000\040\000d\000e\000\040\000d\000a\000t\000o\000s}{section.1}% 2
\BOOKMARK [2][-]{subsection.1.2}{\376\377\000M\000o\000d\000e\000l\000o\000\040\0001}{section.1}% 3
\BOOKMARK [3][-]{subsubsection.1.2.1}{\376\377\000P\000a\000r\000\341\000m\000e\000t\000r\000o\000s}{subsection.1.2}% 4
\BOOKMARK [3][-]{subsubsection.1.2.2}{\376\377\000V\000a\000r\000i\000a\000b\000l\000e\000s}{subsection.1.2}% 5
\BOOKMARK [3][-]{subsubsection.1.2.3}{\376\377\000R\000e\000s\000t\000r\000i\000c\000c\000i\000o\000n\000e\000s}{subsection.1.2}% 6
\BOOKMARK [3][-]{subsubsection.1.2.4}{\376\377\000F\000u\000n\000c\000i\000\363\000n\000\040\000o\000b\000j\000e\000t\000i\000v\000o}{subsection.1.2}% 7
\BOOKMARK [2][-]{subsection.1.3}{\376\377\000M\000o\000d\000e\000l\000o\000\040\0002}{section.1}% 8
\BOOKMARK [3][-]{subsubsection.1.3.1}{\376\377\000P\000a\000r\000\341\000m\000e\000t\000r\000o\000s}{subsection.1.3}% 9
\BOOKMARK [3][-]{subsubsection.1.3.2}{\376\377\000V\000a\000r\000i\000a\000b\000l\000e\000s}{subsection.1.3}% 10
\BOOKMARK [3][-]{subsubsection.1.3.3}{\376\377\000R\000e\000s\000t\000r\000i\000c\000c\000i\000o\000n\000e\000s}{subsection.1.3}% 11
\BOOKMARK [3][-]{subsubsection.1.3.4}{\376\377\000F\000u\000n\000c\000i\000\363\000n\000\040\000o\000b\000j\000e\000t\000i\000v\000o}{subsection.1.3}% 12
\BOOKMARK [1][-]{section.2}{\376\377\000P\000r\000o\000d\000u\000c\000c\000i\000\363\000n\000\040\000d\000e\000\040\000g\000a\000s\000o\000l\000i\000n\000a}{}% 13
\BOOKMARK [2][-]{subsection.2.1}{\376\377\000M\000o\000d\000e\000l\000o\000\040\0001}{section.2}% 14
\BOOKMARK [3][-]{subsubsection.2.1.1}{\376\377\000P\000a\000r\000\341\000m\000e\000t\000r\000o\000s}{subsection.2.1}% 15
\BOOKMARK [3][-]{subsubsection.2.1.2}{\376\377\000V\000a\000r\000i\000a\000b\000l\000e\000s}{subsection.2.1}% 16
\BOOKMARK [3][-]{subsubsection.2.1.3}{\376\377\000R\000e\000s\000t\000r\000i\000c\000c\000i\000o\000n\000e\000s}{subsection.2.1}% 17
\BOOKMARK [3][-]{subsubsection.2.1.4}{\376\377\000F\000u\000n\000c\000i\000\363\000n\000\040\000o\000b\000j\000e\000t\000i\000v\000o}{subsection.2.1}% 18
\BOOKMARK [2][-]{subsection.2.2}{\376\377\000M\000o\000d\000e\000l\000o\000\040\0002}{section.2}% 19
\BOOKMARK [3][-]{subsubsection.2.2.1}{\376\377\000P\000a\000r\000\341\000m\000e\000t\000r\000o\000s}{subsection.2.2}% 20
\BOOKMARK [3][-]{subsubsection.2.2.2}{\376\377\000V\000a\000r\000i\000a\000b\000l\000e\000s}{subsection.2.2}% 21
\BOOKMARK [3][-]{subsubsection.2.2.3}{\376\377\000R\000e\000s\000t\000r\000i\000c\000c\000i\000o\000n\000e\000s}{subsection.2.2}% 22
\BOOKMARK [3][-]{subsubsection.2.2.4}{\376\377\000F\000u\000n\000c\000i\000\363\000n\000\040\000o\000b\000j\000e\000t\000i\000v\000o}{subsection.2.2}% 23
